<?xml version="1.0" encoding="UTF-8"?>
<!-- Generated by org.testng.reporters.JUnitReportReporter -->
<testsuite skipped="0" hostname="LAPTOP-TGN4T61P" name="com.software.mapper.OrderMapperTest" tests="1" failures="0" timestamp="2019-03-06T22:42:06 CST" time="2.285" errors="0">
  <testcase name="TestFindById" time="2.285" classname="com.software.mapper.OrderMapperTest"/>
</testsuite> <!-- com.software.mapper.OrderMapperTest -->
