<?xml version="1.0" encoding="UTF-8"?>
<!-- Generated by org.testng.reporters.JUnitReportReporter -->
<testsuite skipped="0" hostname="LAPTOP-TGN4T61P" name="com.software.mapper.ProjectMapperTest" tests="1" failures="0" timestamp="2019-03-06T22:42:06 CST" time="1.328" errors="0">
  <testcase name="TestFindById" time="1.328" classname="com.software.mapper.ProjectMapperTest"/>
</testsuite> <!-- com.software.mapper.ProjectMapperTest -->
