<?xml version="1.0" encoding="UTF-8"?>
<testsuite xmlns:xsi="http://www.w3.org/2001/XMLSchema-instance" xsi:noNamespaceSchemaLocation="https://maven.apache.org/surefire/maven-surefire-plugin/xsd/surefire-test-report.xsd" name="TestSuite" time="4.489" tests="6" errors="0" skipped="0" failures="0">
  <properties>
    <property name="sun.desktop" value="windows"/>
    <property name="awt.toolkit" value="sun.awt.windows.WToolkit"/>
    <property name="file.encoding.pkg" value="sun.io"/>
    <property name="java.specification.version" value="1.8"/>
    <property name="sun.cpu.isalist" value="amd64"/>
    <property name="sun.jnu.encoding" value="GBK"/>
    <property name="java.class.path" value="G:\app\github\ams\ams\target\test-classes;G:\app\github\ams\ams\target\classes;C:\Users\FHX\.m2\repository\junit\junit\4.11\junit-4.11.jar;C:\Users\FHX\.m2\repository\org\hamcrest\hamcrest-core\1.3\hamcrest-core-1.3.jar;C:\Users\FHX\.m2\repository\log4j\log4j\1.2.17\log4j-1.2.17.jar;C:\Users\FHX\.m2\repository\org\apache\logging\log4j\log4j-core\2.7\log4j-core-2.7.jar;C:\Users\FHX\.m2\repository\org\apache\logging\log4j\log4j-api\2.7\log4j-api-2.7.jar;C:\Users\FHX\.m2\repository\org\springframework\spring-core\4.2.2.RELEASE\spring-core-4.2.2.RELEASE.jar;C:\Users\FHX\.m2\repository\commons-logging\commons-logging\1.2\commons-logging-1.2.jar;C:\Users\FHX\.m2\repository\org\springframework\spring-beans\4.2.2.RELEASE\spring-beans-4.2.2.RELEASE.jar;C:\Users\FHX\.m2\repository\org\springframework\spring-context\4.2.2.RELEASE\spring-context-4.2.2.RELEASE.jar;C:\Users\FHX\.m2\repository\org\springframework\spring-aop\4.2.2.RELEASE\spring-aop-4.2.2.RELEASE.jar;C:\Users\FHX\.m2\repository\aopalliance\aopalliance\1.0\aopalliance-1.0.jar;C:\Users\FHX\.m2\repository\org\springframework\spring-expression\4.2.2.RELEASE\spring-expression-4.2.2.RELEASE.jar;C:\Users\FHX\.m2\repository\org\springframework\spring-tx\4.2.2.RELEASE\spring-tx-4.2.2.RELEASE.jar;C:\Users\FHX\.m2\repository\org\springframework\spring-aspects\4.2.2.RELEASE\spring-aspects-4.2.2.RELEASE.jar;C:\Users\FHX\.m2\repository\org\springframework\spring-context-support\4.2.2.RELEASE\spring-context-support-4.2.2.RELEASE.jar;C:\Users\FHX\.m2\repository\org\springframework\spring-jdbc\4.2.2.RELEASE\spring-jdbc-4.2.2.RELEASE.jar;C:\Users\FHX\.m2\repository\org\springframework\spring-test\4.2.2.RELEASE\spring-test-4.2.2.RELEASE.jar;C:\Users\FHX\.m2\repository\org\springframework\spring-web\4.2.2.RELEASE\spring-web-4.2.2.RELEASE.jar;C:\Users\FHX\.m2\repository\org\springframework\spring-webmvc\4.2.2.RELEASE\spring-webmvc-4.2.2.RELEASE.jar;C:\Users\FHX\.m2\repository\org\mybatis\mybatis\3.2.2\mybatis-3.2.2.jar;C:\Users\FHX\.m2\repository\org\mybatis\mybatis-spring\1.3.0\mybatis-spring-1.3.0.jar;C:\Users\FHX\.m2\repository\cglib\cglib\3.2.5\cglib-3.2.5.jar;C:\Users\FHX\.m2\repository\org\ow2\asm\asm\5.2\asm-5.2.jar;C:\Users\FHX\.m2\repository\org\apache\ant\ant\1.9.6\ant-1.9.6.jar;C:\Users\FHX\.m2\repository\org\apache\ant\ant-launcher\1.9.6\ant-launcher-1.9.6.jar;C:\Users\FHX\.m2\repository\mysql\mysql-connector-java\8.0.13\mysql-connector-java-8.0.13.jar;C:\Users\FHX\.m2\repository\com\google\protobuf\protobuf-java\3.6.1\protobuf-java-3.6.1.jar;C:\Users\FHX\.m2\repository\commons-dbcp\commons-dbcp\1.4\commons-dbcp-1.4.jar;C:\Users\FHX\.m2\repository\commons-pool\commons-pool\1.5.4\commons-pool-1.5.4.jar;C:\Users\FHX\.m2\repository\org\aspectj\aspectjweaver\1.9.1\aspectjweaver-1.9.1.jar;C:\Users\FHX\.m2\repository\commons-io\commons-io\1.3.2\commons-io-1.3.2.jar;C:\Users\FHX\.m2\repository\commons-fileupload\commons-fileupload\1.2.1\commons-fileupload-1.2.1.jar;C:\Users\FHX\.m2\repository\javax\servlet\jsp\javax.servlet.jsp-api\2.3.3\javax.servlet.jsp-api-2.3.3.jar;C:\Users\FHX\.m2\repository\javax\servlet\servlet-api\2.5\servlet-api-2.5.jar;C:\Users\FHX\.m2\repository\javax\servlet\jstl\1.2\jstl-1.2.jar;C:\Users\FHX\.m2\repository\taglibs\standard\1.1.2\standard-1.1.2.jar;C:\Users\FHX\.m2\repository\org\apache\taglibs\taglibs-standard-impl\1.2.5\taglibs-standard-impl-1.2.5.jar;C:\Users\FHX\.m2\repository\org\testng\testng\7.0.0-beta3\testng-7.0.0-beta3.jar;C:\Users\FHX\.m2\repository\com\beust\jcommander\1.72\jcommander-1.72.jar;C:\Users\FHX\.m2\repository\com\fasterxml\jackson\core\jackson-core\2.7.4\jackson-core-2.7.4.jar;C:\Users\FHX\.m2\repository\com\fasterxml\jackson\core\jackson-annotations\2.7.4\jackson-annotations-2.7.4.jar;C:\Users\FHX\.m2\repository\com\fasterxml\jackson\core\jackson-databind\2.7.4\jackson-databind-2.7.4.jar;C:\Users\FHX\.m2\repository\com\github\pagehelper\pagehelper\5.1.2-beta\pagehelper-5.1.2-beta.jar;C:\Users\FHX\.m2\repository\com\github\jsqlparser\jsqlparser\1.0\jsqlparser-1.0.jar;"/>
    <property name="java.vm.vendor" value="Oracle Corporation"/>
    <property name="sun.arch.data.model" value="64"/>
    <property name="user.variant" value=""/>
    <property name="java.vendor.url" value="http://java.oracle.com/"/>
    <property name="user.timezone" value="Asia/Shanghai"/>
    <property name="java.vm.specification.version" value="1.8"/>
    <property name="os.name" value="Windows 10"/>
    <property name="user.country" value="CN"/>
    <property name="sun.java.launcher" value="SUN_STANDARD"/>
    <property name="sun.boot.library.path" value="C:\Program Files\Java\jdk1.8.0_161\jre\bin"/>
    <property name="sun.java.command" value="C:\Users\FHX\AppData\Local\Temp\surefire8612055254975890979\surefirebooter6306410608053492625.jar C:\Users\FHX\AppData\Local\Temp\surefire8612055254975890979 2019-03-06T22-42-01_011-jvmRun1 surefire665093244524420311tmp surefire_02509584944548691797tmp"/>
    <property name="surefire.test.class.path" value="G:\app\github\ams\ams\target\test-classes;G:\app\github\ams\ams\target\classes;C:\Users\FHX\.m2\repository\junit\junit\4.11\junit-4.11.jar;C:\Users\FHX\.m2\repository\org\hamcrest\hamcrest-core\1.3\hamcrest-core-1.3.jar;C:\Users\FHX\.m2\repository\log4j\log4j\1.2.17\log4j-1.2.17.jar;C:\Users\FHX\.m2\repository\org\apache\logging\log4j\log4j-core\2.7\log4j-core-2.7.jar;C:\Users\FHX\.m2\repository\org\apache\logging\log4j\log4j-api\2.7\log4j-api-2.7.jar;C:\Users\FHX\.m2\repository\org\springframework\spring-core\4.2.2.RELEASE\spring-core-4.2.2.RELEASE.jar;C:\Users\FHX\.m2\repository\commons-logging\commons-logging\1.2\commons-logging-1.2.jar;C:\Users\FHX\.m2\repository\org\springframework\spring-beans\4.2.2.RELEASE\spring-beans-4.2.2.RELEASE.jar;C:\Users\FHX\.m2\repository\org\springframework\spring-context\4.2.2.RELEASE\spring-context-4.2.2.RELEASE.jar;C:\Users\FHX\.m2\repository\org\springframework\spring-aop\4.2.2.RELEASE\spring-aop-4.2.2.RELEASE.jar;C:\Users\FHX\.m2\repository\aopalliance\aopalliance\1.0\aopalliance-1.0.jar;C:\Users\FHX\.m2\repository\org\springframework\spring-expression\4.2.2.RELEASE\spring-expression-4.2.2.RELEASE.jar;C:\Users\FHX\.m2\repository\org\springframework\spring-tx\4.2.2.RELEASE\spring-tx-4.2.2.RELEASE.jar;C:\Users\FHX\.m2\repository\org\springframework\spring-aspects\4.2.2.RELEASE\spring-aspects-4.2.2.RELEASE.jar;C:\Users\FHX\.m2\repository\org\springframework\spring-context-support\4.2.2.RELEASE\spring-context-support-4.2.2.RELEASE.jar;C:\Users\FHX\.m2\repository\org\springframework\spring-jdbc\4.2.2.RELEASE\spring-jdbc-4.2.2.RELEASE.jar;C:\Users\FHX\.m2\repository\org\springframework\spring-test\4.2.2.RELEASE\spring-test-4.2.2.RELEASE.jar;C:\Users\FHX\.m2\repository\org\springframework\spring-web\4.2.2.RELEASE\spring-web-4.2.2.RELEASE.jar;C:\Users\FHX\.m2\repository\org\springframework\spring-webmvc\4.2.2.RELEASE\spring-webmvc-4.2.2.RELEASE.jar;C:\Users\FHX\.m2\repository\org\mybatis\mybatis\3.2.2\mybatis-3.2.2.jar;C:\Users\FHX\.m2\repository\org\mybatis\mybatis-spring\1.3.0\mybatis-spring-1.3.0.jar;C:\Users\FHX\.m2\repository\cglib\cglib\3.2.5\cglib-3.2.5.jar;C:\Users\FHX\.m2\repository\org\ow2\asm\asm\5.2\asm-5.2.jar;C:\Users\FHX\.m2\repository\org\apache\ant\ant\1.9.6\ant-1.9.6.jar;C:\Users\FHX\.m2\repository\org\apache\ant\ant-launcher\1.9.6\ant-launcher-1.9.6.jar;C:\Users\FHX\.m2\repository\mysql\mysql-connector-java\8.0.13\mysql-connector-java-8.0.13.jar;C:\Users\FHX\.m2\repository\com\google\protobuf\protobuf-java\3.6.1\protobuf-java-3.6.1.jar;C:\Users\FHX\.m2\repository\commons-dbcp\commons-dbcp\1.4\commons-dbcp-1.4.jar;C:\Users\FHX\.m2\repository\commons-pool\commons-pool\1.5.4\commons-pool-1.5.4.jar;C:\Users\FHX\.m2\repository\org\aspectj\aspectjweaver\1.9.1\aspectjweaver-1.9.1.jar;C:\Users\FHX\.m2\repository\commons-io\commons-io\1.3.2\commons-io-1.3.2.jar;C:\Users\FHX\.m2\repository\commons-fileupload\commons-fileupload\1.2.1\commons-fileupload-1.2.1.jar;C:\Users\FHX\.m2\repository\javax\servlet\jsp\javax.servlet.jsp-api\2.3.3\javax.servlet.jsp-api-2.3.3.jar;C:\Users\FHX\.m2\repository\javax\servlet\servlet-api\2.5\servlet-api-2.5.jar;C:\Users\FHX\.m2\repository\javax\servlet\jstl\1.2\jstl-1.2.jar;C:\Users\FHX\.m2\repository\taglibs\standard\1.1.2\standard-1.1.2.jar;C:\Users\FHX\.m2\repository\org\apache\taglibs\taglibs-standard-impl\1.2.5\taglibs-standard-impl-1.2.5.jar;C:\Users\FHX\.m2\repository\org\testng\testng\7.0.0-beta3\testng-7.0.0-beta3.jar;C:\Users\FHX\.m2\repository\com\beust\jcommander\1.72\jcommander-1.72.jar;C:\Users\FHX\.m2\repository\com\fasterxml\jackson\core\jackson-core\2.7.4\jackson-core-2.7.4.jar;C:\Users\FHX\.m2\repository\com\fasterxml\jackson\core\jackson-annotations\2.7.4\jackson-annotations-2.7.4.jar;C:\Users\FHX\.m2\repository\com\fasterxml\jackson\core\jackson-databind\2.7.4\jackson-databind-2.7.4.jar;C:\Users\FHX\.m2\repository\com\github\pagehelper\pagehelper\5.1.2-beta\pagehelper-5.1.2-beta.jar;C:\Users\FHX\.m2\repository\com\github\jsqlparser\jsqlparser\1.0\jsqlparser-1.0.jar;"/>
    <property name="sun.cpu.endian" value="little"/>
    <property name="user.home" value="C:\Users\FHX"/>
    <property name="user.language" value="zh"/>
    <property name="java.specification.vendor" value="Oracle Corporation"/>
    <property name="java.home" value="C:\Program Files\Java\jdk1.8.0_161\jre"/>
    <property name="basedir" value="G:\app\github\ams\ams"/>
    <property name="file.separator" value="\"/>
    <property name="line.separator" value="&#10;"/>
    <property name="java.vm.specification.vendor" value="Oracle Corporation"/>
    <property name="java.specification.name" value="Java Platform API Specification"/>
    <property name="java.awt.graphicsenv" value="sun.awt.Win32GraphicsEnvironment"/>
    <property name="surefire.real.class.path" value="C:\Users\FHX\AppData\Local\Temp\surefire8612055254975890979\surefirebooter6306410608053492625.jar"/>
    <property name="sun.boot.class.path" value="C:\Program Files\Java\jdk1.8.0_161\jre\lib\resources.jar;C:\Program Files\Java\jdk1.8.0_161\jre\lib\rt.jar;C:\Program Files\Java\jdk1.8.0_161\jre\lib\sunrsasign.jar;C:\Program Files\Java\jdk1.8.0_161\jre\lib\jsse.jar;C:\Program Files\Java\jdk1.8.0_161\jre\lib\jce.jar;C:\Program Files\Java\jdk1.8.0_161\jre\lib\charsets.jar;C:\Program Files\Java\jdk1.8.0_161\jre\lib\jfr.jar;C:\Program Files\Java\jdk1.8.0_161\jre\classes"/>
    <property name="user.script" value=""/>
    <property name="sun.management.compiler" value="HotSpot 64-Bit Tiered Compilers"/>
    <property name="java.runtime.version" value="1.8.0_161-b12"/>
    <property name="user.name" value="FHX"/>
    <property name="path.separator" value=";"/>
    <property name="os.version" value="10.0"/>
    <property name="java.endorsed.dirs" value="C:\Program Files\Java\jdk1.8.0_161\jre\lib\endorsed"/>
    <property name="java.runtime.name" value="Java(TM) SE Runtime Environment"/>
    <property name="file.encoding" value="GBK"/>
    <property name="java.vm.name" value="Java HotSpot(TM) 64-Bit Server VM"/>
    <property name="localRepository" value="C:\Users\FHX\.m2\repository"/>
    <property name="java.vendor.url.bug" value="http://bugreport.sun.com/bugreport/"/>
    <property name="java.io.tmpdir" value="C:\Users\FHX\AppData\Local\Temp\"/>
    <property name="idea.version" value="2018.3"/>
    <property name="java.version" value="1.8.0_161"/>
    <property name="user.dir" value="G:\app\github\ams\ams"/>
    <property name="os.arch" value="amd64"/>
    <property name="java.vm.specification.name" value="Java Virtual Machine Specification"/>
    <property name="java.awt.printerjob" value="sun.awt.windows.WPrinterJob"/>
    <property name="sun.os.patch.level" value=""/>
    <property name="java.library.path" value="C:\Program Files\Java\jdk1.8.0_161\jre\bin;C:\WINDOWS\Sun\Java\bin;C:\WINDOWS\system32;C:\WINDOWS;D:\IDE\oracle\product\11.2.0\dbhome_1\bin;C:\Program Files\Java\jdk1.8.0_161\bin;C:\Program Files\Java\jdk1.8.0_161\jre\bin;E:\BaiduNetdiskDownload\adb;D:\program\platform\PHP\php-7.2.2;D:\Node\;D:\tools\Git\cmd\;C:\Program Files (x86)\Microsoft Visual Studio 11.0\VC\bin;C:\Program Files (x86)\Microsoft SQL Server\90\Tools\binn\;C:\WINDOWS\system32;C:\Program Files (x86)\Windows Kits\8.1\Windows Performance Toolkit\;%USERPROFILE%\.dnx\bin;C:\Program Files\Microsoft DNX\Dnvm\;C:\Program Files\Microsoft SQL Server\130\Tools\Binn\;D:\IDE\python;D:\IDE\python\Scripts;C:\WINDOWS;C:\WINDOWS\System32\Wbem;C:\WINDOWS\System32\WindowsPowerShell\v1.0\;C:\WINDOWS\System32\OpenSSH\;G:\packages\apache-maven-3.5.4-bin\apache-maven-3.5.4\bin;D:\IDE\SQL\SQLserver\110\Tools\Binn\;D:\IDE\SQL\SQLserver\130\Tools\Binn\;D:\IDE\SQL\SQLserver2\Client SDK\ODBC\130\Tools\Binn\;D:\IDE\SQL\SQLserver2\140\Tools\Binn\;D:\IDE\SQL\SQLserver2\140\DTS\Binn\;D:\IDE\SQL\SQLserver2\140\Tools\Binn\ManagementStudio\;D:\software\Mongodb\Server\4.0.5\bin;F:\Tools\WinNT;F:\MSDev98\Bin;F:\Tools;F:\VC98\bin;C:\Users\FHX\AppData\Local\Microsoft\WindowsApps;C:\Users\FHX\AppData\Local\GitHubDesktop\bin;C:\Users\FHX\AppData\Roaming\npm;D:\IDE\Microsoft VS Code\bin;D:\software\Bandizip\;D:\Java\IntelliJ IDEA 2018.3\bin;."/>
    <property name="java.vm.info" value="mixed mode"/>
    <property name="java.vendor" value="Oracle Corporation"/>
    <property name="java.vm.version" value="25.161-b12"/>
    <property name="java.ext.dirs" value="C:\Program Files\Java\jdk1.8.0_161\jre\lib\ext;C:\WINDOWS\Sun\Java\lib\ext"/>
    <property name="sun.io.unicode.encoding" value="UnicodeLittle"/>
    <property name="java.class.version" value="52.0"/>
  </properties>
  <testcase name="TestFindById on TestFindById(com.software.mapper.OrderMapperTest)" classname="com.software.mapper.OrderMapperTest" time="2.28"/>
  <testcase name="page on page(com.software.mapper.PageHelperTest)" classname="com.software.mapper.PageHelperTest" time="0"/>
  <testcase name="TestFindById on TestFindById(com.software.mapper.ProjectMapperTest)" classname="com.software.mapper.ProjectMapperTest" time="1.328"/>
  <testcase name="TestFindById on TestFindById(com.software.mapper.TestMapperTest)" classname="com.software.mapper.TestMapperTest" time="0.14"/>
  <testcase name="TestFindById on TestFindById(com.software.mapper.UserMapperTest)" classname="com.software.mapper.UserMapperTest" time="0.188"/>
  <testcase name="test on test(Test)" classname="Test" time="0.001"/>
</testsuite>